#
# A fatal error has been detected by the Java Runtime Environment:
#
#  EXCEPTION_ACCESS_VIOLATION (0xc0000005) at pc=0x00000000682b0ca4, pid=9136, tid=0x00000000000006ec
#
# JRE version: Java(TM) SE Runtime Environment (8.0_321-b07) (build 1.8.0_321-b07)
# Java VM: Java HotSpot(TM) 64-Bit Server VM (25.321-b07 mixed mode windows-amd64 compressed oops)
# Problematic frame:
# V  [jvm.dll+0x100ca4]
#
# Failed to write core dump. Minidumps are not enabled by default on client versions of Windows
#
# If you would like to submit a bug report, please visit:
#   http://bugreport.java.com/bugreport/crash.jsp
#

---------------  T H R E A D  ---------------

Current thread (0x0000015ca1f43800):  VMThread [stack: 0x00000022e7300000,0x00000022e7400000] [id=1772]

siginfo: ExceptionCode=0xc0000005, reading address 0x0000015ca150bc18

Registers:
RAX=0x00000000001a0560, RBX=0x00000022e73ff5d0, RCX=0x0000015ca136b6a8, RDX=0x000000000000d02b
RSP=0x00000022e73ff2e8, RBP=0x0000000000000001, RSI=0x0000000000000001, RDI=0x0000015ca136b1a8
R8 =0x0000000000000000, R9 =0x0000015ca136b1a8, R10=0x0000015ca17f5a60, R11=0x0000015ca136b5bf
R12=0x0000000000000052, R13=0x0000015ca17a55b0, R14=0x00000000000000b2, R15=0x00000000681b0000
RIP=0x00000000682b0ca4, EFLAGS=0x0000000000010206

Top of Stack: (sp=0x00000022e73ff2e8)
0x00000022e73ff2e8:   00000000682b6be3 0000015ca1f43800
0x00000022e73ff2f8:   0000000068236ff8 0000015ca136b638
0x00000022e73ff308:   00000022e73ff420 4fffffff2fffffff
0x00000022e73ff318:   0000000000000000 0000015ca136b638
0x00000022e73ff328:   00000000682b76d2 0000a2aed19a957e
0x00000022e73ff338:   00000022e73ff5d0 00000000000000b2
0x00000022e73ff348:   00000022e73ff420 00000022e73ff5d0
0x00000022e73ff358:   00000000682b8fa0 000000000000003f
0x00000022e73ff368:   000000000000003f 0000000000000001
0x00000022e73ff378:   00000022e73ff5d0 0000015c0000003f
0x00000022e73ff388:   0000000068236ff8 0000015ca136b638
0x00000022e73ff398:   0000015ca1f43800 0000a2aed19a95be
0x00000022e73ff3a8:   0000000000000012 0000015ca1f43800
0x00000022e73ff3b8:   0000000068236ff8 00000000681b0000
0x00000022e73ff3c8:   00000000000000b2 00000022e73ff450
0x00000022e73ff3d8:   00000000000000b2 0000015ca136b5ef 

Instructions: (pc=0x00000000682b0ca4)
0x00000000682b0c84:   18 f7 d2 48 63 c2 48 c1 e0 05 48 8b 44 08 10 0f
0x00000000682b0c94:   b7 c8 41 0f b7 44 c9 52 c3 48 63 c2 48 c1 e0 05
0x00000000682b0ca4:   48 8b 44 08 10 0f b7 d0 48 63 c2 41 0f b7 44 c1
0x00000000682b0cb4:   52 c3 49 8b 41 08 48 63 ca 0f b6 44 08 04 3c 12 


Register to memory mapping:

RAX=0x00000000001a0560 is an unknown value
RBX=0x00000022e73ff5d0 is an unknown value
RCX=0x0000015ca136b6a8 is pointing into metadata
RDX=0x000000000000d02b is an unknown value
RSP=0x00000022e73ff2e8 is an unknown value
RBP=0x0000000000000001 is an unknown value
RSI=0x0000000000000001 is an unknown value
RDI=0x0000015ca136b1a8 is pointing into metadata
R8 =0x0000000000000000 is an unknown value
R9 =0x0000015ca136b1a8 is pointing into metadata
R10=0x0000015ca17f5a60 is an unknown value
R11=0x0000015ca136b5bf is pointing into metadata
R12=0x0000000000000052 is an unknown value
R13=0x0000015ca17a55b0 is an unknown value
R14=0x00000000000000b2 is an unknown value
R15=0x00000000681b0000 is an unknown value


Stack: [0x00000022e7300000,0x00000022e7400000],  sp=0x00000022e73ff2e8,  free space=1020k
Native frames: (J=compiled Java code, j=interpreted, Vv=VM code, C=native code)
V  [jvm.dll+0x100ca4]

VM_Operation (0x00000022e78ff210): GetOrSetLocal, mode: safepoint, requested by thread 0x0000015ca1fa3000


---------------  P R O C E S S  ---------------

Java Threads: ( => current thread )
  0x0000015ca2f0e800 JavaThread "Service Thread" daemon [_thread_blocked, id=7776, stack(0x00000022e7e00000,0x00000022e7f00000)]
  0x0000015ca2093000 JavaThread "C1 CompilerThread2" daemon [_thread_blocked, id=6052, stack(0x00000022e7d00000,0x00000022e7e00000)]
  0x0000015ca208f000 JavaThread "C2 CompilerThread1" daemon [_thread_blocked, id=8544, stack(0x00000022e7c00000,0x00000022e7d00000)]
  0x0000015ca208e000 JavaThread "C2 CompilerThread0" daemon [_thread_blocked, id=3644, stack(0x00000022e7b00000,0x00000022e7c00000)]
  0x0000015ca1fa8000 JavaThread "JDWP Command Reader" daemon [_thread_in_native, id=2040, stack(0x00000022e7a00000,0x00000022e7b00000)]
  0x0000015ca1fa6800 JavaThread "JDWP Event Helper Thread" daemon [_thread_blocked, id=1836, stack(0x00000022e7900000,0x00000022e7a00000)]
  0x0000015ca1fa3000 JavaThread "JDWP Transport Listener: dt_socket" daemon [_thread_blocked, id=10044, stack(0x00000022e7800000,0x00000022e7900000)]
  0x0000015ca1f84800 JavaThread "Attach Listener" daemon [_thread_blocked, id=1408, stack(0x00000022e7700000,0x00000022e7800000)]
  0x0000015ca1f83000 JavaThread "Signal Dispatcher" daemon [_thread_blocked, id=9104, stack(0x00000022e7600000,0x00000022e7700000)]
  0x0000015ca182d800 JavaThread "Finalizer" daemon [_thread_blocked, id=6440, stack(0x00000022e7500000,0x00000022e7600000)]
  0x0000015ca1826800 JavaThread "Reference Handler" daemon [_thread_blocked, id=10148, stack(0x00000022e7400000,0x00000022e7500000)]
  0x0000015c8ddb4800 JavaThread "main" [_thread_blocked, id=8816, stack(0x00000022e6e00000,0x00000022e6f00000)]

Other Threads:
=>0x0000015ca1f43800 VMThread [stack: 0x00000022e7300000,0x00000022e7400000] [id=1772]
  0x0000015ca2f34800 WatcherThread [stack: 0x00000022e7f00000,0x00000022e8000000] [id=6668]

VM state:at safepoint (normal execution)

VM Mutex/Monitor currently owned by a thread:  ([mutex/lock_event])
[0x0000015c8ddb0950] Threads_lock - owner thread: 0x0000015ca1f43800

heap address: 0x00000000c1c00000, size: 996 MB, Compressed Oops mode: 32-bit
Narrow klass base: 0x0000000000000000, Narrow klass shift: 3
Compressed class space size: 1073741824 Address: 0x0000000100000000

Heap:
 PSYoungGen      total 18944K, used 5692K [0x00000000eb400000, 0x00000000ec900000, 0x0000000100000000)
  eden space 16384K, 34% used [0x00000000eb400000,0x00000000eb98f0a8,0x00000000ec400000)
  from space 2560K, 0% used [0x00000000ec680000,0x00000000ec680000,0x00000000ec900000)
  to   space 2560K, 0% used [0x00000000ec400000,0x00000000ec400000,0x00000000ec680000)
 ParOldGen       total 44032K, used 0K [0x00000000c1c00000, 0x00000000c4700000, 0x00000000eb400000)
  object space 44032K, 0% used [0x00000000c1c00000,0x00000000c1c00000,0x00000000c4700000)
 Metaspace       used 4865K, capacity 4930K, committed 5248K, reserved 1056768K
  class space    used 524K, capacity 561K, committed 640K, reserved 1048576K

Card table byte_map: [0x0000015c9eac0000,0x0000015c9ecc0000] byte_map_base: 0x0000015c9e4b2000

Marking Bits: (ParMarkBitMap*) 0x0000000068999030
 Begin Bits: [0x0000015c9ee10000, 0x0000015c9fda0000)
 End Bits:   [0x0000015c9fda0000, 0x0000015ca0d30000)

Polling page: 0x0000015c8dd70000

CodeCache: size=245760Kb used=1344Kb max_used=1353Kb free=244416Kb
 bounds [0x0000015c8f700000, 0x0000015c8f970000, 0x0000015c9e700000]
 total_blobs=399 nmethods=110 adapters=210
 compilation: enabled

Compilation events (10 events):
Event: 507.899 Thread 0x0000015ca2093000  106       3       org.eclipse.jdt.launching.internal.org.objectweb.asm.ClassReader::readUnsignedShort (26 bytes)
Event: 507.899 Thread 0x0000015ca2093000 nmethod 106 0x0000015c8f84ed90 code [0x0000015c8f84eee0, 0x0000015c8f84f098]
Event: 1199.914 Thread 0x0000015ca208e000  107       4       java.util.Arrays::copyOfRange (63 bytes)
Event: 1199.916 Thread 0x0000015ca2093000  108       3       org.eclipse.jdt.launching.internal.org.objectweb.asm.ClassReader::readUtf (44 bytes)
Event: 1199.918 Thread 0x0000015ca2093000 nmethod 108 0x0000015c8f84f190 code [0x0000015c8f84f320, 0x0000015c8f84f790]
Event: 1199.923 Thread 0x0000015ca208e000 nmethod 107 0x0000015c8f852950 code [0x0000015c8f852aa0, 0x0000015c8f852cb8]
Event: 1245.834 Thread 0x0000015ca2093000  109       3       org.eclipse.jdt.launching.internal.org.objectweb.asm.ClassReader::getItem (7 bytes)
Event: 1245.835 Thread 0x0000015ca2093000 nmethod 109 0x0000015c8f852590 code [0x0000015c8f8526e0, 0x0000015c8f852858]
Event: 1245.835 Thread 0x0000015ca2093000  110       3       org.eclipse.jdt.launching.internal.org.objectweb.asm.ClassReader::readUTF8 (23 bytes)
Event: 1245.837 Thread 0x0000015ca2093000 nmethod 110 0x0000015c8f851f10 code [0x0000015c8f852080, 0x0000015c8f8523f0]

GC Heap History (0 events):
No events

Deoptimization events (0 events):
No events

Classes redefined (3 events):
Event: 507.905 Thread 0x0000015ca1f43800 redefined class name=datatype.packagee.HumanBeing, count=1
Event: 1199.922 Thread 0x0000015ca1f43800 redefined class name=datatype.packagee.HumanBeing, count=2
Event: 1245.837 Thread 0x0000015ca1f43800 redefined class name=datatype.packagee.HumanBeing, count=3

Internal exceptions (2 events):
Event: 0.393 Thread 0x0000015c8ddb4800 Exception <a 'java/lang/NoSuchMethodError': Method sun.misc.Unsafe.defineClass(Ljava/lang/String;[BII)Ljava/lang/Class; name or signature does not match> (0x00000000eb407cc0) thrown at [C:\jenkins\workspace\8-2-build-windows-amd64-cygwin\jdk8u321\2141\hot
Event: 0.394 Thread 0x0000015c8ddb4800 Exception <a 'java/lang/NoSuchMethodError': Method sun.misc.Unsafe.prefetchRead(Ljava/lang/Object;J)V name or signature does not match> (0x00000000eb407fa8) thrown at [C:\jenkins\workspace\8-2-build-windows-amd64-cygwin\jdk8u321\2141\hotspot\src\share\vm\

Events (10 events):
Event: 1351.072 Executing VM operation: GetOwnedMonitorInfo done
Event: 1352.494 Executing VM operation: GetOwnedMonitorInfo
Event: 1352.494 Executing VM operation: GetOwnedMonitorInfo done
Event: 1352.498 Executing VM operation: GetCurrentContendedMonitor
Event: 1352.499 Executing VM operation: GetCurrentContendedMonitor done
Event: 1353.750 Executing VM operation: GetOwnedMonitorInfo
Event: 1353.750 Executing VM operation: GetOwnedMonitorInfo done
Event: 1353.751 Executing VM operation: GetCurrentContendedMonitor
Event: 1353.751 Executing VM operation: GetCurrentContendedMonitor done
Event: 1364.214 Executing VM operation: GetOrSetLocal


Dynamic libraries:
0x00007ff7e0940000 - 0x00007ff7e0987000 	C:\Program Files\Java\jre1.8.0_321\bin\javaw.exe
0x00007ffa87fb0000 - 0x00007ffa881a5000 	C:\WINDOWS\SYSTEM32\ntdll.dll
0x00007ffa860b0000 - 0x00007ffa8616d000 	C:\WINDOWS\System32\KERNEL32.DLL
0x00007ffa85a50000 - 0x00007ffa85d1d000 	C:\WINDOWS\System32\KERNELBASE.dll
0x00007ffa86000000 - 0x00007ffa860ae000 	C:\WINDOWS\System32\ADVAPI32.dll
0x00007ffa86e90000 - 0x00007ffa86f2e000 	C:\WINDOWS\System32\msvcrt.dll
0x00007ffa86290000 - 0x00007ffa8632c000 	C:\WINDOWS\System32\sechost.dll
0x00007ffa87680000 - 0x00007ffa877a5000 	C:\WINDOWS\System32\RPCRT4.dll
0x00007ffa86fa0000 - 0x00007ffa87140000 	C:\WINDOWS\System32\USER32.dll
0x00007ffa85f10000 - 0x00007ffa85f32000 	C:\WINDOWS\System32\win32u.dll
0x00007ffa86d50000 - 0x00007ffa86d7a000 	C:\WINDOWS\System32\GDI32.dll
0x00007ffa856c0000 - 0x00007ffa857cb000 	C:\WINDOWS\System32\gdi32full.dll
0x00007ffa858b0000 - 0x00007ffa8594d000 	C:\WINDOWS\System32\msvcp_win.dll
0x00007ffa85950000 - 0x00007ffa85a50000 	C:\WINDOWS\System32\ucrtbase.dll
0x00007ffa77490000 - 0x00007ffa7772a000 	C:\WINDOWS\WinSxS\amd64_microsoft.windows.common-controls_6595b64144ccf1df_6.0.19041.1110_none_60b5254171f9507e\COMCTL32.dll
0x00007ffa865d0000 - 0x00007ffa86600000 	C:\WINDOWS\System32\IMM32.DLL
0x00007ffa80260000 - 0x00007ffa80275000 	C:\Program Files\Java\jre1.8.0_321\bin\vcruntime140.dll
0x00007ffa6e840000 - 0x00007ffa6e8db000 	C:\Program Files\Java\jre1.8.0_321\bin\msvcp140.dll
0x00000000681b0000 - 0x0000000068a11000 	C:\Program Files\Java\jre1.8.0_321\bin\server\jvm.dll
0x00007ffa87670000 - 0x00007ffa87678000 	C:\WINDOWS\System32\PSAPI.DLL
0x00007ffa74e80000 - 0x00007ffa74e89000 	C:\WINDOWS\SYSTEM32\WSOCK32.dll
0x00007ffa86560000 - 0x00007ffa865cb000 	C:\WINDOWS\System32\WS2_32.dll
0x00007ffa78d70000 - 0x00007ffa78d97000 	C:\WINDOWS\SYSTEM32\WINMM.dll
0x00007ffa83660000 - 0x00007ffa8366a000 	C:\WINDOWS\SYSTEM32\VERSION.dll
0x00007ffa83f40000 - 0x00007ffa83f52000 	C:\WINDOWS\SYSTEM32\kernel.appcore.dll
0x00007ffa74a70000 - 0x00007ffa74a80000 	C:\Program Files\Java\jre1.8.0_321\bin\verify.dll
0x00007ffa6ea40000 - 0x00007ffa6ea6b000 	C:\Program Files\Java\jre1.8.0_321\bin\java.dll
0x00007ffa7b130000 - 0x00007ffa7b166000 	C:\Program Files\Java\jre1.8.0_321\bin\jdwp.dll
0x00007ffa83210000 - 0x00007ffa83219000 	C:\Program Files\Java\jre1.8.0_321\bin\npt.dll
0x00007ffa7b100000 - 0x00007ffa7b130000 	C:\Program Files\Java\jre1.8.0_321\bin\instrument.dll
0x00007ffa74a50000 - 0x00007ffa74a68000 	C:\Program Files\Java\jre1.8.0_321\bin\zip.dll
0x00007ffa86600000 - 0x00007ffa86d44000 	C:\WINDOWS\System32\SHELL32.dll
0x00007ffa837a0000 - 0x00007ffa83f34000 	C:\WINDOWS\SYSTEM32\windows.storage.dll
0x00007ffa87310000 - 0x00007ffa87664000 	C:\WINDOWS\System32\combase.dll
0x00007ffa85120000 - 0x00007ffa8514c000 	C:\WINDOWS\SYSTEM32\Wldp.dll
0x00007ffa87a40000 - 0x00007ffa87aed000 	C:\WINDOWS\System32\SHCORE.dll
0x00007ffa878e0000 - 0x00007ffa87935000 	C:\WINDOWS\System32\shlwapi.dll
0x00007ffa85600000 - 0x00007ffa8561f000 	C:\WINDOWS\SYSTEM32\profapi.dll
0x00007ffa7be50000 - 0x00007ffa7be5a000 	C:\Program Files\Java\jre1.8.0_321\bin\dt_socket.dll
0x00007ffa73630000 - 0x00007ffa73647000 	C:\WINDOWS\system32\napinsp.dll
0x00007ffa73610000 - 0x00007ffa7362b000 	C:\WINDOWS\system32\pnrpnsp.dll
0x00007ffa7fb10000 - 0x00007ffa7fb2d000 	C:\WINDOWS\system32\NLAapi.dll
0x00007ffa84b20000 - 0x00007ffa84b5b000 	C:\WINDOWS\SYSTEM32\IPHLPAPI.DLL
0x00007ffa84e80000 - 0x00007ffa84eea000 	C:\WINDOWS\System32\mswsock.dll
0x00007ffa84bb0000 - 0x00007ffa84c7b000 	C:\WINDOWS\SYSTEM32\DNSAPI.dll
0x00007ffa87140000 - 0x00007ffa87148000 	C:\WINDOWS\System32\NSI.dll
0x00007ffa80f50000 - 0x00007ffa80f65000 	C:\WINDOWS\system32\wshbth.dll
0x00007ffa735f0000 - 0x00007ffa73602000 	C:\WINDOWS\System32\winrnr.dll
0x00007ffa7d8c0000 - 0x00007ffa7d940000 	C:\WINDOWS\System32\fwpuclnt.dll
0x00007ffa857d0000 - 0x00007ffa857f7000 	C:\WINDOWS\System32\bcrypt.dll
0x00007ffa7dbc0000 - 0x00007ffa7dbca000 	C:\Windows\System32\rasadhlp.dll
0x00007ffa7e1c0000 - 0x00007ffa7e3a4000 	C:\WINDOWS\SYSTEM32\dbghelp.dll
0x00007ffa85e80000 - 0x00007ffa85f02000 	C:\WINDOWS\System32\bcryptPrimitives.dll

VM Arguments:
jvm_args: -agentlib:jdwp=transport=dt_socket,suspend=y,address=localhost:65342 -javaagent:C:\Users\HP\Documents\SNP\Downloads\eclipse-committers-2020-06-R-win32-x86_64\eclipse\configuration\org.eclipse.osgi\240\0\.cp\lib\javaagent-shaded.jar -Dfile.encoding=Cp1252 
java_command: datatype.packagee.HumanBeing
java_class_path (initial): C:\Users\HP\eclipse-workspace\SecondJavaProject\bin;C:\Users\HP\Documents\SNP\Downloads\eclipse-committers-2020-06-R-win32-x86_64\eclipse\configuration\org.eclipse.osgi\240\0\.cp\lib\javaagent-shaded.jar
Launcher Type: SUN_STANDARD

Environment Variables:
CLASSPATH=C:\Program Files\Java\jdk1.8.0_321\lib
PATH=C:/Program Files/Java/jre1.8.0_321/bin/server;C:/Program Files/Java/jre1.8.0_321/bin;C:/Program Files/Java/jre1.8.0_321/lib/amd64;C:\Program Files (x86)\Common Files\Oracle\Java\javapath;C:\WINDOWS\system32;C:\WINDOWS;C:\WINDOWS\System32\Wbem;C:\WINDOWS\System32\WindowsPowerShell\v1.0\;C:\WINDOWS\System32\OpenSSH\;C:\Program Files\nodejs\;C:\Users\HP\Downloads\apache-maven-3.6.3-bin\apache-maven-3.6.3\bin;C:\Program Files\Git\cmd;C:\Users\HP\AppData\Local\Microsoft\WindowsApps;C:\Users\HP\AppData\Roaming\npm;C:\Program Files\Java\jdk1.8.0_321\bin;;C:\Users\HP\Documents\SNP\Downloads\eclipse-committers-2020-06-R-win32-x86_64\eclipse;
USERNAME=HP
OS=Windows_NT
PROCESSOR_IDENTIFIER=Intel64 Family 6 Model 69 Stepping 1, GenuineIntel



---------------  S Y S T E M  ---------------

OS: Windows 10 , 64 bit Build 19041 (10.0.19041.1706)

CPU:total 4 (initial active 4) (2 cores per cpu, 2 threads per core) family 6 model 69 stepping 1, cmov, cx8, fxsr, mmx, sse, sse2, sse3, ssse3, sse4.1, sse4.2, popcnt, avx, avx2, aes, clmul, erms, lzcnt, ht, tsc, tscinvbit, bmi1, bmi2

Memory: 4k page, physical 4072556k(604800k free), swap 7925592k(977024k free)

vm_info: Java HotSpot(TM) 64-Bit Server VM (25.321-b07) for windows-amd64 JRE (1.8.0_321-b07), built on Dec 15 2021 11:19:20 by "java_re" with MS VC++ 15.9 (VS2017)

time: Thu May 19 11:10:27 2022
timezone: Pacific Daylight Time
elapsed time: 1364.396329 seconds (0d 0h 22m 44s)

